*design* DebussyLib (btIdent 3.2v24)
Command arguments:
    +define+verilog
    -verilog -2001
    dds_sincos_gen.v

Highest level modules:

Command arguments:
    +define+verilog
    -verilog -2001
    dds_sincos_gen.v

Command arguments:
    +define+verilog
    -verilog -2001
    dds_sincos_gen.v

Command arguments:
    +define+verilog
    -verilog -2001
    dds_sincos_gen.v

Command arguments:
    +define+verilog
    -verilog -2001
    dds_sincos_gen.v

Command arguments:
    +define+verilog
    -verilog -2001
    dds_sincos_gen.v

Command arguments:
    +define+verilog
    -verilog -2001
    dds_sincos_gen.v

Command arguments:
    +define+verilog
    -verilog -2001
    dds_sincos_gen.v

Command arguments:
    +define+verilog
    -verilog -2001
    dds_sincos_gen.v

Command arguments:
    +define+verilog
    -verilog -2001
    dds_sincos_gen.v

